Using pre-set license
Built from '2022.3/staging' branch; Version is '2022.3.16f1 (d2c21f0ef2f1) revision 13812255'; Using compiler version '192829333'; Build Type 'Release'
OS: 'Windows 11  (10.0.22631) 64bit Core' Language: 'zh' Physical Memory: 16085 MB
BatchMode: 1, IsHumanControllingUs: 0, StartBugReporterOnCrash: 0, Is64bit: 1, IsPro: 1

COMMAND LINE ARGUMENTS:
E:\UnityHubVersion\2022.3.16f1\Editor\Unity.exe
-adb2
-batchMode
-noUpm
-name
AssetImportWorker6
-projectPath
D:/Unity/Canteen
-logFile
Logs/AssetImportWorker6.log
-srvPort
64009
Successfully changed project path to: D:/Unity/Canteen
D:/Unity/Canteen
[UnityMemory] Configuration Parameters - Can be set up in boot.config
    "memorysetup-bucket-allocator-granularity=16"
    "memorysetup-bucket-allocator-bucket-count=8"
    "memorysetup-bucket-allocator-block-size=33554432"
    "memorysetup-bucket-allocator-block-count=8"
    "memorysetup-main-allocator-block-size=16777216"
    "memorysetup-thread-allocator-block-size=16777216"
    "memorysetup-gfx-main-allocator-block-size=16777216"
    "memorysetup-gfx-thread-allocator-block-size=16777216"
    "memorysetup-cache-allocator-block-size=4194304"
    "memorysetup-typetree-allocator-block-size=2097152"
    "memorysetup-profiler-bucket-allocator-granularity=16"
    "memorysetup-profiler-bucket-allocator-bucket-count=8"
    "memorysetup-profiler-bucket-allocator-block-size=33554432"
    "memorysetup-profiler-bucket-allocator-block-count=8"
    "memorysetup-profiler-allocator-block-size=16777216"
    "memorysetup-profiler-editor-allocator-block-size=1048576"
    "memorysetup-temp-allocator-size-main=16777216"
    "memorysetup-job-temp-allocator-block-size=2097152"
    "memorysetup-job-temp-allocator-block-size-background=1048576"
    "memorysetup-job-temp-allocator-reduction-small-platforms=262144"
    "memorysetup-allocator-temp-initial-block-size-main=262144"
    "memorysetup-allocator-temp-initial-block-size-worker=262144"
    "memorysetup-temp-allocator-size-background-worker=32768"
    "memorysetup-temp-allocator-size-job-worker=262144"
    "memorysetup-temp-allocator-size-preload-manager=33554432"
    "memorysetup-temp-allocator-size-nav-mesh-worker=65536"
    "memorysetup-temp-allocator-size-audio-worker=65536"
    "memorysetup-temp-allocator-size-cloud-worker=32768"
    "memorysetup-temp-allocator-size-gi-baking-worker=262144"
    "memorysetup-temp-allocator-size-gfx=262144"
Player connection [16552] Host "[IP] 192.168.2.8 [Port] 0 [Flags] 2 [Guid] 1628660053 [EditorId] 1628660053 [Version] 1048832 [Id] WindowsEditor(7,MSI) [Debug] 1 [PackageName] WindowsEditor [ProjectName] Editor" joined multi-casting on [225.0.0.222:54997]...

Player connection [16552] Host "[IP] 192.168.2.8 [Port] 0 [Flags] 2 [Guid] 1628660053 [EditorId] 1628660053 [Version] 1048832 [Id] WindowsEditor(7,MSI) [Debug] 1 [PackageName] WindowsEditor [ProjectName] Editor" joined alternative multi-casting on [225.0.0.222:34997]...

[Physics::Module] Initialized MultithreadedJobDispatcher with 31 workers.
Refreshing native plugins compatible for Editor in 14.94 ms, found 12 plugins.
Preloading 1 native plugins for Editor in 0.71 ms.
Initialize engine version: 2022.3.16f1 (d2c21f0ef2f1)
[Subsystems] Discovering subsystems at path E:/UnityHubVersion/2022.3.16f1/Editor/Data/Resources/UnitySubsystems
[Subsystems] Discovering subsystems at path D:/Unity/Canteen/Assets
GfxDevice: creating device client; threaded=0; jobified=0
Direct3D:
    Version:  Direct3D 11.0 [level 11.1]
    Renderer: NVIDIA GeForce RTX 4080 Laptop GPU (ID=0x27a0)
    Vendor:   NVIDIA
    VRAM:     11997 MB
    Driver:   31.0.15.5128
Initialize mono
Mono path[0] = 'E:/UnityHubVersion/2022.3.16f1/Editor/Data/Managed'
Mono path[1] = 'E:/UnityHubVersion/2022.3.16f1/Editor/Data/MonoBleedingEdge/lib/mono/unityjit-win32'
Mono config path = 'E:/UnityHubVersion/2022.3.16f1/Editor/Data/MonoBleedingEdge/etc'
Using monoOptions --debugger-agent=transport=dt_socket,embedding=1,server=y,suspend=n,address=127.0.0.1:56112
Begin MonoManager ReloadAssembly
Registering precompiled unity dll's ...
Register platform support module: E:/UnityHubVersion/2022.3.16f1/Editor/Data/PlaybackEngines/AndroidPlayer/UnityEditor.Android.Extensions.dll
Register platform support module: E:/UnityHubVersion/2022.3.16f1/Editor/Data/PlaybackEngines/WindowsStandaloneSupport/UnityEditor.WindowsStandalone.Extensions.dll
Registered in 0.004661 seconds.
- Loaded All Assemblies, in  0.437 seconds
Native extension for WindowsStandalone target not found
Native extension for Android target not found
Android Extension - Scanning For ADB Devices 478 ms
Mono: successfully reloaded assembly
- Finished resetting the current domain, in  0.709 seconds
Domain Reload Profiling: 1146ms
	BeginReloadAssembly (185ms)
		ExecutionOrderSort (0ms)
		DisableScriptedObjects (0ms)
		BackupInstance (0ms)
		ReleaseScriptingObjects (0ms)
		CreateAndSetChildDomain (1ms)
	RebuildCommonClasses (38ms)
	RebuildNativeTypeToScriptingClass (11ms)
	initialDomainReloadingComplete (51ms)
	LoadAllAssembliesAndSetupDomain (151ms)
		LoadAssemblies (185ms)
		RebuildTransferFunctionScriptingTraits (0ms)
		AnalyzeDomain (148ms)
			TypeCache.Refresh (146ms)
				TypeCache.ScanAssembly (130ms)
			ScanForSourceGeneratedMonoScriptInfo (1ms)
			ResolveRequiredComponents (0ms)
	FinalizeReload (710ms)
		ReleaseScriptCaches (0ms)
		RebuildScriptCaches (0ms)
		SetupLoadedEditorAssemblies (668ms)
			LogAssemblyErrors (0ms)
			InitializePlatformSupportModulesInManaged (568ms)
			SetLoadedEditorAssemblies (3ms)
			RefreshPlugins (0ms)
			BeforeProcessingInitializeOnLoad (2ms)
			ProcessInitializeOnLoadAttributes (68ms)
			ProcessInitializeOnLoadMethodAttributes (27ms)
			AfterProcessingInitializeOnLoad (0ms)
			EditorAssembliesLoaded (0ms)
		ExecutionOrderSort2 (0ms)
		AwakeInstancesAfterBackupRestoration (0ms)
========================================================================
Worker process is ready to serve import requests
Begin MonoManager ReloadAssembly
- Loaded All Assemblies, in  1.454 seconds
Refreshing native plugins compatible for Editor in 23.34 ms, found 12 plugins.
Native extension for WindowsStandalone target not found
Native extension for Android target not found
Package Manager log level set to [2]
[Package Manager] Server::EnsureServerProcessIsRunning -- launch failed, reason: Unity was launched with the -noUpm command-line argument
[Package Manager] UpmClient::Send -- Unable to send message (not connected to UPM process).
[Package Manager] Cannot connect to Unity Package Manager local server
[Package Manager] Server::EnsureServerProcessIsRunning -- launch failed, reason: Unity was launched with the -noUpm command-line argument
[Package Manager] UpmClient::Send -- Unable to send message (not connected to UPM process).
[Package Manager] Cannot connect to Unity Package Manager local server
System.Reflection.TargetInvocationException: Exception has been thrown by the target of an invocation. ---> System.NullReferenceException: Object reference not set to an instance of an object
  at Unity.XR.Oculus.OculusLoader.AssetPathToAbsolutePath (System.String assetPath) [0x00040] in .\Library\PackageCache\com.unity.xr.oculus@4.1.2\Runtime\OculusLoader.cs:287 
  at Unity.XR.Oculus.OculusLoader.EditorLoadOVRPlugin () [0x00084] in .\Library\PackageCache\com.unity.xr.oculus@4.1.2\Runtime\OculusLoader.cs:272 
  at (wrapper managed-to-native) System.Reflection.RuntimeMethodInfo.InternalInvoke(System.Reflection.RuntimeMethodInfo,object,object[],System.Exception&)
  at System.Reflection.RuntimeMethodInfo.Invoke (System.Object obj, System.Reflection.BindingFlags invokeAttr, System.Reflection.Binder binder, System.Object[] parameters, System.Globalization.CultureInfo culture) [0x0006a] in <17d9ce77f27a4bd2afb5ba32c9bea976>:0 
   --- End of inner exception stack trace ---
  at System.Reflection.RuntimeMethodInfo.Invoke (System.Object obj, System.Reflection.BindingFlags invokeAttr, System.Reflection.Binder binder, System.Object[] parameters, System.Globalization.CultureInfo culture) [0x00083] in <17d9ce77f27a4bd2afb5ba32c9bea976>:0 
  at System.Reflection.MethodBase.Invoke (System.Object obj, System.Object[] parameters) [0x00000] in <17d9ce77f27a4bd2afb5ba32c9bea976>:0 
  at UnityEditor.EditorAssemblies.ProcessInitializeOnLoadMethodAttributes () [0x000a5] in <78fe3e0b66cf40fc8dbec96aa3584483>:0 
UnityEngine.StackTraceUtility:ExtractStackTrace ()
UnityEngine.DebugLogHandler:LogFormat (UnityEngine.LogType,UnityEngine.Object,string,object[])
UnityEngine.Logger:Log (UnityEngine.LogType,object)
UnityEngine.Debug:LogError (object)
UnityEditor.EditorAssemblies:ProcessInitializeOnLoadMethodAttributes ()

Mono: successfully reloaded assembly
[Package Manager] Server::EnsureServerProcessIsRunning -- launch failed, reason: Unity was launched with the -noUpm command-line argument
[Package Manager] UpmClient::Send -- Unable to send message (not connected to UPM process).
[Package Manager] Cannot connect to Unity Package Manager local server
[Package Manager] Server::EnsureServerProcessIsRunning -- launch failed, reason: Unity was launched with the -noUpm command-line argument
[Package Manager] UpmClient::Send -- Unable to send message (not connected to UPM process).
[Package Manager] Cannot connect to Unity Package Manager local server
- Finished resetting the current domain, in  0.772 seconds
Domain Reload Profiling: 2226ms
	BeginReloadAssembly (170ms)
		ExecutionOrderSort (0ms)
		DisableScriptedObjects (4ms)
		BackupInstance (0ms)
		ReleaseScriptingObjects (0ms)
		CreateAndSetChildDomain (26ms)
	RebuildCommonClasses (21ms)
	RebuildNativeTypeToScriptingClass (10ms)
	initialDomainReloadingComplete (16ms)
	LoadAllAssembliesAndSetupDomain (1238ms)
		LoadAssemblies (1076ms)
		RebuildTransferFunctionScriptingTraits (0ms)
		AnalyzeDomain (274ms)
			TypeCache.Refresh (234ms)
				TypeCache.ScanAssembly (208ms)
			ScanForSourceGeneratedMonoScriptInfo (26ms)
			ResolveRequiredComponents (13ms)
	FinalizeReload (772ms)
		ReleaseScriptCaches (0ms)
		RebuildScriptCaches (0ms)
		SetupLoadedEditorAssemblies (594ms)
			LogAssemblyErrors (0ms)
			InitializePlatformSupportModulesInManaged (19ms)
			SetLoadedEditorAssemblies (3ms)
			RefreshPlugins (0ms)
			BeforeProcessingInitializeOnLoad (59ms)
			ProcessInitializeOnLoadAttributes (426ms)
			ProcessInitializeOnLoadMethodAttributes (85ms)
			AfterProcessingInitializeOnLoad (2ms)
			EditorAssembliesLoaded (0ms)
		ExecutionOrderSort2 (0ms)
		AwakeInstancesAfterBackupRestoration (6ms)
Launched and connected shader compiler UnityShaderCompiler.exe after 0.17 seconds
Refreshing native plugins compatible for Editor in 22.09 ms, found 12 plugins.
Preloading 1 native plugins for Editor in 0.05 ms.
Unloading 6928 Unused Serialized files (Serialized files now loaded: 0)
Unloading 156 unused Assets / (0.8 MB). Loaded Objects now: 7389.
Memory consumption went from 261.3 MB to 260.5 MB.
Total: 8.326400 ms (FindLiveObjects: 1.164800 ms CreateObjectMapping: 0.437400 ms MarkObjects: 5.760200 ms  DeleteObjects: 0.960400 ms)

AssetImportParameters requested are different than current active one (requested -> active):
  custom:container-demuxer-ogg: 62fdf1f143b41e24485cea50d1cbac27 -> 
  custom:scripting/monoscript/fileName/AIStats.cs: eae7f15ff9da3345655cfae8f769fed3 -> 32fdae2d8051a38cb50cbb1cd5347f11
  custom:scripting/monoscript/fileName/Common_PlaySound.cs: 8fc1ce277ed68fcbd862f689e19e232e -> 4c70636f31da2af5a1a24593f74759fb
  custom:scripting/monoscript/fileName/WizardParticles.cs: e051849834aa648f9fcbde48f53f687e -> 45e0dd3de37f47c59c6f2787cc1e8213
  custom:framework-win-MediaFoundation: 216162199b28c13a410421893ffa2e32 -> 
  custom:scripting/monoscript/fileName/AIState.cs: 0ea26528db8cf31e1b36e7a37877c095 -> a86229ae5e4b5e408c43af5503f7e514
  custom:scripting/monoscript/fileName/Common_WanderScriptEditor.cs: 98d7f73fb4fde2a14e89f0994b1b8a15 -> 76cbc2d8dda1d86387759d9800ec2466
  custom:scripting/monoscript/fileName/Common_AudioManager.cs: 0666593172b9e6b7804f6f27a2aa1ec4 -> 1c5dabd5d22c23cb027e76f9bfcbff95
  custom:scripting/monoscript/fileName/HumanBoneOffset.cs: ce446a9cb2a83bdf8db95f916a3305fd -> 63e974bea9f990387a275b60c7732a25
  custom:container-muxer-webm: aa71ff27fc2769a1b78a27578f13a17b -> 
  custom:scripting/monoscript/fileName/PolyIkEditor.cs: ee881e0144ff38e2bfe82759e8a93467 -> fb55fc9e7103d920dfa5abf4d6a09d7f
  custom:video-decoder-webm-vp8: 9c59270c3fd7afecdb556c50c9e8de78 -> 
  custom:scripting/monoscript/fileName/Common_RandomInt.cs: 2e528af1fd50c288e481854df7c3b79c -> a48f2bb76b3aa2e3dbdb6fa359a8cdf0
  custom:scripting/monoscript/fileName/RandomCharacterPlacer.cs: 1982be3176cb29904d26fb6a79eea4b8 -> fcb33e97ca5da64547e0dc5d2b9151f9
  custom:SearchIndexIgnoredProperties: e643bd26f0fe6173181afceb89e7c659 -> 
  custom:AudioImporter_EditorPlatform: d09bf68614088b80899f8185d706f6e7 -> 
  custom:audio-decoder-ogg-vorbis: bf7c407c2cedff20999df2af8eb42d56 -> 
  custom:scripting/monoscript/fileName/Common_SurfaceRotation.cs: fc67c969ca56d089d7503ff02ece1a67 -> 68c8128f718d5fcccdff3340f0650ada
  custom:audio-encoder-webm-vorbis: bf7c407c2cedff20999df2af8eb42d56 -> 
  custom:scripting/monoscript/fileName/PolyIk.cs: 2f78884dc91d8e5457948f0ee05733f5 -> 2cf1c7b084699a51f6956813fdd44127
  custom:scripting/monoscript/fileName/Common_AnimSpeed.cs: ce9cbaf55f7a835e41e7a4d912963b78 -> 67ac442f26730ad1bd6ca072cc8e2098
  custom:scripting/monoscript/fileName/CustomPeople.cs: eddb6f9258308da0b244a341bc4080d9 -> 896edd407e229008d9fc61660f830bf2
  custom:scripting/monoscript/fileName/People_AIStats.cs: e0a96960367ff6192be7676317d1e456 -> ccdfebb1b1840e65422441f6fd734519
  custom:scripting/monoscript/fileName/People_SurfaceRotation.cs: e1e8db9bd7a06ae5a263500abe56f997 -> 8cf99364460a7ec22056013cf2ec135c
  custom:video-codec-MediaFoundation-h265: 746d11721c4dcdbdad8f713fa42b33f4 -> 
  custom:scripting/monoscript/fileName/MovementState.cs: 3555cfa1863b45626d64a6c452640654 -> 37c1580846485026604df60e6ca7b6b8
  custom:scripting/monoscript/fileName/Common_WanderManagerEditor.cs: 2863c032e773e3dae0fb2da31caf3032 -> bf8a8928a09554257f011d31acf77b73
  custom:video-decoder-ogg-theora: a1e56fd34408186e4bbccfd4996cb3dc -> 
  custom:scripting/monoscript/fileName/People_WanderManager.cs: 472a05314a3b11f37eab31615c7ad381 -> 8b2ec77d81046db48d5ead29660557ce
  custom:CustomObjectIndexerAttribute: 4d1d7186bcbbfe361de5f0ad951e585c -> 
  custom:scripting/monoscript/fileName/IdleState.cs: aeb7760a601c92369294ae4d026209db -> 44422b17f1a19e87e1fd8447a55599a5
  custom:container-demuxer-webm: 4f35f7cbe854078d1ac9338744f61a02 -> 
  custom:scripting/monoscript/fileName/People_WanderScriptEditor.cs: a0a7d37904614400c36d61cecb9d7a08 -> eee1d23cedb90e6b2becca0cad373b5a
  custom:scripting/monoscript/fileName/Common_WanderScript.cs: 90f9b2a444210e8c405697fc86e5be93 -> b04b3d028c5f109bc42a510145512b6d
  custom:scripting/monoscript/fileName/Common_WanderManager.cs: 0693a2c5d1a46a8865f27952c93e3d25 -> 55c03a3caf07e4d43180382e3e3597d9
  custom:scripting/monoscript/fileName/PolyMorpher.cs: 2fe2278ca5723e404396060081fd9344 -> 1936419c5b86a736d47ea15a08328a3a
  custom:video-encoder-webm-vp8: eb34c28f22e8b96e1ab97ce403110664 -> 
  custom:scripting/monoscript/fileName/People_AudioManager.cs: f5f439a01d3d07138e61e326357e300d -> 40b95dec59363ed33636353509ba26a5
  custom:scripting/monoscript/fileName/Common_KillSwitch.cs: c4ffb1226bd708b7f7285ed20e3da264 -> 46603cc0fef3be06cb3586ad110f4638
  custom:scripting/monoscript/fileName/Common_AnimationControl.cs: 07895bff98839ab838730c929cafbf2a -> 1fd7781a7e17937c8657b0d71cceb29b
  custom:scripting/monoscript/fileName/Common_StatsTable.cs: 3301e9bce4abef613bd3b9e296c6cc24 -> c12bcc428c807aa2c3c0a506da9999f3
  custom:scripting/monoscript/fileName/People_WanderScript.cs: 2efd129341eade91269bcbb7b0abec34 -> 2ae9b7f31cc16dae5c0fb8a84da1cb3f
========================================================================
Received Import Request.
  Time since last request: 1061728.061710 seconds.
  path: Assets/Plugins/polyperfect/Low Poly Animated People/- Materials/Colors/45 BLUE-LIGHT.mat
  artifactKey: Guid(6a1a1ff74be63374aa9c17b8e7395b39) Importer(815301076,1909f56bfc062723c751e8b465ee728b)
Start importing Assets/Plugins/polyperfect/Low Poly Animated People/- Materials/Colors/45 BLUE-LIGHT.mat using Guid(6a1a1ff74be63374aa9c17b8e7395b39) Importer(815301076,1909f56bfc062723c751e8b465ee728b)  -> (artifact id: 'e4ba2abc8164a58e45d96ec631536f58') in 0.369042 seconds
Number of updated asset objects reloaded before import = 0
Number of asset objects unloaded after import = 2
Editor requested this worker to shutdown with reason: Scaling down because of idle timeout
TcpMessagingSession - receive error
AssetImportWorkerClient::OnTransportError - code=2 error=End of file
AssetImportWorker is now disconnected from the server
Process exiting
Exiting without the bug reporter. Application will terminate with return code 0